TowerDefense/Library/Bee/Android/Prj/IL2CPP/Gradle/launcher/build/intermediates/manifest_merge_blame_file/release/manifest-merger-blame-release-report.txt
1<?xml version="1.0" encoding="utf-8"?>
2<manifest xmlns:android="http://schemas.android.com/apk/res/android"
3    package="com.Bandini.TowerDefense"
4    android:installLocation="preferExternal"
5    android:versionCode="3"
6    android:versionName="0.0.3" >
7
8    <uses-sdk
9        android:minSdkVersion="33"
9-->src\main\AndroidManifest.xml
10        android:targetSdkVersion="33" />
10-->src\main\AndroidManifest.xml
11
12    <supports-screens
12-->src\main\AndroidManifest.xml:3:3-163
13        android:anyDensity="true"
13-->src\main\AndroidManifest.xml:3:135-160
14        android:largeScreens="true"
14-->src\main\AndroidManifest.xml:3:78-105
15        android:normalScreens="true"
15-->src\main\AndroidManifest.xml:3:49-77
16        android:smallScreens="true"
16-->src\main\AndroidManifest.xml:3:21-48
17        android:xlargeScreens="true" />
17-->src\main\AndroidManifest.xml:3:106-134
18
19    <uses-feature android:glEsVersion="0x00030000" />
19-->[:unityLibrary] AndroidManifest.xml:12:5-54
19-->[:unityLibrary] AndroidManifest.xml:12:19-51
20    <uses-feature
20-->[:unityLibrary] AndroidManifest.xml:13:5-15:36
21        android:name="android.hardware.vulkan.version"
21-->[:unityLibrary] AndroidManifest.xml:14:9-55
22        android:required="false" />
22-->[:unityLibrary] AndroidManifest.xml:15:9-33
23
24    <uses-permission android:name="android.permission.INTERNET" />
24-->[:unityLibrary] AndroidManifest.xml:17:5-67
24-->[:unityLibrary] AndroidManifest.xml:17:22-64
25
26    <uses-feature
26-->[:unityLibrary] AndroidManifest.xml:19:5-21:36
27        android:name="android.hardware.touchscreen"
27-->[:unityLibrary] AndroidManifest.xml:20:9-52
28        android:required="false" />
28-->[:unityLibrary] AndroidManifest.xml:21:9-33
29    <uses-feature
29-->[:unityLibrary] AndroidManifest.xml:22:5-24:36
30        android:name="android.hardware.touchscreen.multitouch"
30-->[:unityLibrary] AndroidManifest.xml:23:9-63
31        android:required="false" />
31-->[:unityLibrary] AndroidManifest.xml:24:9-33
32    <uses-feature
32-->[:unityLibrary] AndroidManifest.xml:25:5-27:36
33        android:name="android.hardware.touchscreen.multitouch.distinct"
33-->[:unityLibrary] AndroidManifest.xml:26:9-72
34        android:required="false" />
34-->[:unityLibrary] AndroidManifest.xml:27:9-33
35
36    <uses-permission android:name="android.permission.ACCESS_NETWORK_STATE" />
36-->[:com.google.android.gms.play-services-nearby-18.0.2:] AndroidManifest.xml:7:5-79
36-->[:com.google.android.gms.play-services-nearby-18.0.2:] AndroidManifest.xml:7:22-76
37
38    <application
38-->src\main\AndroidManifest.xml:4:3-83
39        android:appComponentFactory="androidx.core.app.CoreComponentFactory"
39-->[:androidx.core.core-1.2.0:] AndroidManifest.xml:24:18-86
40        android:extractNativeLibs="true"
40-->[:unityLibrary] AndroidManifest.xml:29:18-50
41        android:icon="@mipmap/app_icon"
41-->src\main\AndroidManifest.xml:4:49-80
42        android:label="@string/app_name" >
42-->src\main\AndroidManifest.xml:4:16-48
43        <activity
43-->[:unityLibrary] AndroidManifest.xml:30:9-51:20
44            android:name="com.unity3d.player.UnityPlayerActivity"
44-->[:unityLibrary] AndroidManifest.xml:31:13-66
45            android:configChanges="mcc|mnc|locale|touchscreen|keyboard|keyboardHidden|navigation|orientation|screenLayout|uiMode|screenSize|smallestScreenSize|fontScale|layoutDirection|density"
45-->[:unityLibrary] AndroidManifest.xml:32:13-194
46            android:exported="true"
46-->[:unityLibrary] AndroidManifest.xml:33:13-36
47            android:hardwareAccelerated="false"
47-->[:unityLibrary] AndroidManifest.xml:34:13-48
48            android:launchMode="singleTask"
48-->[:unityLibrary] AndroidManifest.xml:35:13-44
49            android:resizeableActivity="false"
49-->[:unityLibrary] AndroidManifest.xml:36:13-47
50            android:screenOrientation="fullUser"
50-->[:unityLibrary] AndroidManifest.xml:37:13-49
51            android:theme="@style/UnityThemeSelector" >
51-->[:unityLibrary] AndroidManifest.xml:38:13-54
52            <intent-filter>
52-->[:unityLibrary] AndroidManifest.xml:39:13-43:29
53                <action android:name="android.intent.action.MAIN" />
53-->[:unityLibrary] AndroidManifest.xml:40:17-69
53-->[:unityLibrary] AndroidManifest.xml:40:25-66
54
55                <category android:name="android.intent.category.LAUNCHER" />
55-->[:unityLibrary] AndroidManifest.xml:42:17-77
55-->[:unityLibrary] AndroidManifest.xml:42:27-74
56            </intent-filter>
57
58            <meta-data
58-->[:unityLibrary] AndroidManifest.xml:45:13-47:40
59                android:name="unityplayer.UnityActivity"
59-->[:unityLibrary] AndroidManifest.xml:46:17-57
60                android:value="true" />
60-->[:unityLibrary] AndroidManifest.xml:47:17-37
61            <meta-data
61-->[:unityLibrary] AndroidManifest.xml:48:13-50:40
62                android:name="android.notch_support"
62-->[:unityLibrary] AndroidManifest.xml:49:17-53
63                android:value="true" />
63-->[:unityLibrary] AndroidManifest.xml:50:17-37
64        </activity>
65
66        <meta-data
66-->[:unityLibrary] AndroidManifest.xml:53:9-55:33
67            android:name="unity.splash-mode"
67-->[:unityLibrary] AndroidManifest.xml:54:13-45
68            android:value="0" />
68-->[:unityLibrary] AndroidManifest.xml:55:13-30
69        <meta-data
69-->[:unityLibrary] AndroidManifest.xml:56:9-58:36
70            android:name="unity.splash-enable"
70-->[:unityLibrary] AndroidManifest.xml:57:13-47
71            android:value="True" />
71-->[:unityLibrary] AndroidManifest.xml:58:13-33
72        <meta-data
72-->[:unityLibrary] AndroidManifest.xml:59:9-61:36
73            android:name="unity.launch-fullscreen"
73-->[:unityLibrary] AndroidManifest.xml:60:13-51
74            android:value="True" />
74-->[:unityLibrary] AndroidManifest.xml:61:13-33
75        <meta-data
75-->[:unityLibrary] AndroidManifest.xml:62:9-64:37
76            android:name="unity.allow-resizable-window"
76-->[:unityLibrary] AndroidManifest.xml:63:13-56
77            android:value="False" />
77-->[:unityLibrary] AndroidManifest.xml:64:13-34
78        <meta-data
78-->[:unityLibrary] AndroidManifest.xml:65:9-67:50
79            android:name="notch.config"
79-->[:unityLibrary] AndroidManifest.xml:66:13-40
80            android:value="portrait|landscape" />
80-->[:unityLibrary] AndroidManifest.xml:67:13-47
81        <meta-data
81-->[:unityLibrary] AndroidManifest.xml:68:9-70:36
82            android:name="unity.auto-report-fully-drawn"
82-->[:unityLibrary] AndroidManifest.xml:69:13-57
83            android:value="true" />
83-->[:unityLibrary] AndroidManifest.xml:70:13-33
84        <meta-data
84-->[:com.google.android.gms.play-services-basement-18.0.0:] AndroidManifest.xml:21:9-23:69
85            android:name="com.google.android.gms.version"
85-->[:com.google.android.gms.play-services-basement-18.0.0:] AndroidManifest.xml:22:13-58
86            android:value="@integer/google_play_services_version" />
86-->[:com.google.android.gms.play-services-basement-18.0.0:] AndroidManifest.xml:23:13-66
87
88        <activity
88-->[:com.google.android.gms.play-services-base-18.0.1:] AndroidManifest.xml:20:9-22:45
89            android:name="com.google.android.gms.common.api.GoogleApiActivity"
89-->[:com.google.android.gms.play-services-base-18.0.1:] AndroidManifest.xml:20:19-85
90            android:exported="false"
90-->[:com.google.android.gms.play-services-base-18.0.1:] AndroidManifest.xml:22:19-43
91            android:theme="@android:style/Theme.Translucent.NoTitleBar" />
91-->[:com.google.android.gms.play-services-base-18.0.1:] AndroidManifest.xml:21:19-78
92        <activity
92-->[:com.google.games.gpgs-plugin-support-0.11.01:] AndroidManifest.xml:10:9-18:20
93            android:name="com.google.games.bridge.GenericResolutionActivity"
93-->[:com.google.games.gpgs-plugin-support-0.11.01:] AndroidManifest.xml:11:13-77
94            android:exported="false"
94-->[:com.google.games.gpgs-plugin-support-0.11.01:] AndroidManifest.xml:12:13-37
95            android:label="GenericResolutionActivity"
95-->[:com.google.games.gpgs-plugin-support-0.11.01:] AndroidManifest.xml:13:13-54
96            android:theme="@android:style/Theme.Translucent.NoTitleBar.Fullscreen" >
96-->[:com.google.games.gpgs-plugin-support-0.11.01:] AndroidManifest.xml:14:13-83
97            <meta-data
97-->[:com.google.games.gpgs-plugin-support-0.11.01:] AndroidManifest.xml:15:13-17:40
98                android:name="instantapps.clients.allowed"
98-->[:com.google.games.gpgs-plugin-support-0.11.01:] AndroidManifest.xml:16:17-59
99                android:value="true" />
99-->[:com.google.games.gpgs-plugin-support-0.11.01:] AndroidManifest.xml:17:17-37
100        </activity>
101
102        <provider
102-->[:com.google.android.gms.play-services-games-v2-17.0.0:] AndroidManifest.xml:5:5-209
103            android:name="com.google.android.gms.games.provider.PlayGamesInitProvider"
103-->[:com.google.android.gms.play-services-games-v2-17.0.0:] AndroidManifest.xml:5:15-89
104            android:authorities="com.Bandini.TowerDefense.playgamesinitprovider"
104-->[:com.google.android.gms.play-services-games-v2-17.0.0:] AndroidManifest.xml:5:90-158
105            android:exported="false"
105-->[:com.google.android.gms.play-services-games-v2-17.0.0:] AndroidManifest.xml:5:159-183
106            android:initOrder="99" />
106-->[:com.google.android.gms.play-services-games-v2-17.0.0:] AndroidManifest.xml:5:184-206
107
108        <activity
108-->[:com.google.android.gms.play-services-games-v2-17.0.0:] AndroidManifest.xml:6:5-180
109            android:name="com.google.android.gms.games.internal.v2.resolution.GamesResolutionActivity"
109-->[:com.google.android.gms.play-services-games-v2-17.0.0:] AndroidManifest.xml:6:15-105
110            android:exported="false"
110-->[:com.google.android.gms.play-services-games-v2-17.0.0:] AndroidManifest.xml:6:106-130
111            android:theme="@style/Theme.Games.Transparent" />
111-->[:com.google.android.gms.play-services-games-v2-17.0.0:] AndroidManifest.xml:6:131-177
112
113        <meta-data
113-->[:com.google.android.gms.play-services-games-v2-17.0.0:] AndroidManifest.xml:7:5-117
114            android:name="com.google.android.gms.games.version"
114-->[:com.google.android.gms.play-services-games-v2-17.0.0:] AndroidManifest.xml:7:16-67
115            android:value="@string/play_games_sdk_version" /> <!-- The space in these forces it to be interpreted as a string vs. int -->
115-->[:com.google.android.gms.play-services-games-v2-17.0.0:] AndroidManifest.xml:7:68-114
116        <meta-data
116-->[:unityLibrary:GooglePlayGamesManifest.androidlib] AndroidManifest.xml:18:9-20:49
117            android:name="com.google.android.gms.games.APP_ID"
117-->[:unityLibrary:GooglePlayGamesManifest.androidlib] AndroidManifest.xml:19:13-63
118            android:value="\u003725176572165" /> <!-- Keep track of which plugin is being used -->
118-->[:unityLibrary:GooglePlayGamesManifest.androidlib] AndroidManifest.xml:20:13-46
119        <meta-data
119-->[:unityLibrary:GooglePlayGamesManifest.androidlib] AndroidManifest.xml:23:9-25:44
120            android:name="com.google.android.gms.games.unityVersion"
120-->[:unityLibrary:GooglePlayGamesManifest.androidlib] AndroidManifest.xml:24:13-69
121            android:value="\u0030.11.01" />
121-->[:unityLibrary:GooglePlayGamesManifest.androidlib] AndroidManifest.xml:25:13-41
122
123        <activity
123-->[:unityLibrary:GooglePlayGamesManifest.androidlib] AndroidManifest.xml:27:9-29:86
124            android:name="com.google.games.bridge.NativeBridgeActivity"
124-->[:unityLibrary:GooglePlayGamesManifest.androidlib] AndroidManifest.xml:28:13-72
125            android:theme="@android:style/Theme.Translucent.NoTitleBar.Fullscreen" />
125-->[:unityLibrary:GooglePlayGamesManifest.androidlib] AndroidManifest.xml:29:13-83
126    </application>
127
128</manifest>